\BOOKMARK [1][-]{section.1}{About}{}% 1
\BOOKMARK [1][-]{section.2}{Download and install}{}% 2
\BOOKMARK [2][-]{subsection.2.1}{OSX}{section.2}% 3
\BOOKMARK [3][-]{subsubsection.2.1.1}{Remove plugins}{subsection.2.1}% 4
\BOOKMARK [2][-]{subsection.2.2}{Windows}{section.2}% 5
\BOOKMARK [2][-]{subsection.2.3}{Linux}{section.2}% 6
\BOOKMARK [1][-]{section.3}{Quickstart}{}% 7
\BOOKMARK [1][-]{section.4}{Know your tools}{}% 8
\BOOKMARK [2][-]{subsection.4.1}{Technology stack}{section.4}% 9
\BOOKMARK [2][-]{subsection.4.2}{QtCreator integrated development environment \(IDE\)}{section.4}% 10
\BOOKMARK [3][-]{subsubsection.4.2.1}{kits}{subsection.4.2}% 11
\BOOKMARK [3][-]{subsubsection.4.2.2}{qmake}{subsection.4.2}% 12
\BOOKMARK [3][-]{subsubsection.4.2.3}{merssh}{subsection.4.2}% 13
\BOOKMARK [3][-]{subsubsection.4.2.4}{Compilers}{subsection.4.2}% 14
\BOOKMARK [3][-]{subsubsection.4.2.5}{make}{subsection.4.2}% 15
\BOOKMARK [3][-]{subsubsection.4.2.6}{rpm}{subsection.4.2}% 16
\BOOKMARK [2][-]{subsection.4.3}{Mer build engine for cross compilation}{section.4}% 17
\BOOKMARK [2][-]{subsection.4.4}{Scratchbox2}{section.4}% 18
\BOOKMARK [2][-]{subsection.4.5}{The SailfishOS Emulator}{section.4}% 19
\BOOKMARK [2][-]{subsection.4.6}{Sailfish Silica}{section.4}% 20
\BOOKMARK [2][-]{subsection.4.7}{Tools chained up}{section.4}% 21
\BOOKMARK [1][-]{section.5}{Installing additional packages}{}% 22
\BOOKMARK [1][-]{section.6}{Templates for QtCreator}{}% 23
\BOOKMARK [1][-]{section.7}{Physical device}{}% 24
\BOOKMARK [2][-]{subsection.7.1}{How to connect to SSH over usb connection from PC}{section.7}% 25
\BOOKMARK [1][-]{section.8}{Community}{}% 26
\BOOKMARK [2][-]{subsubsection.8.0.1}{SailfishOS}{section.8}% 27
\BOOKMARK [3][-]{subsubsection.8.0.2}{Mer}{subsubsection.8.0.1}% 28
\BOOKMARK [3][-]{subsubsection.8.0.3}{Nemo mobile}{subsubsection.8.0.1}% 29
\BOOKMARK [1][-]{section.9}{Thanks}{}% 30
\BOOKMARK [1][-]{section*.42}{References}{}% 31
